e:\projects\d3d12renderer\lib\base\base.pdb
e:\projects\d3d12renderer\lib\base\base.idb
e:\projects\d3d12renderer\base\x64\debug\toolkit.obj
e:\projects\d3d12renderer\base\x64\debug\rendertexture.obj
e:\projects\d3d12renderer\base\x64\debug\myapp.obj
e:\projects\d3d12renderer\base\x64\debug\model.obj
e:\projects\d3d12renderer\base\x64\debug\debugviewer.obj
e:\projects\d3d12renderer\base\x64\debug\vc143.pdb
e:\projects\d3d12renderer\base\x64\debug\vc143.idb
e:\projects\d3d12renderer\base\x64\debug\mathhelper.obj
e:\projects\d3d12renderer\base\x64\debug\geometrygenerator.obj
e:\projects\d3d12renderer\base\x64\debug\gametimer.obj
e:\projects\d3d12renderer\base\x64\debug\ddstextureloader.obj
e:\projects\d3d12renderer\base\x64\debug\d3dutil.obj
e:\projects\d3d12renderer\base\x64\debug\d3dapp.obj
e:\projects\d3d12renderer\base\x64\debug\camera.obj
e:\projects\d3d12renderer\lib\base\base.lib
e:\projects\d3d12renderer\\lib\base\base.pdb
e:\projects\d3d12renderer\base\x64\debug\base.tlog\cl.command.1.tlog
e:\projects\d3d12renderer\base\x64\debug\base.tlog\cl.read.1.tlog
e:\projects\d3d12renderer\base\x64\debug\base.tlog\cl.write.1.tlog
e:\projects\d3d12renderer\base\x64\debug\base.tlog\lib-link.read.1.tlog
e:\projects\d3d12renderer\base\x64\debug\base.tlog\lib-link.write.1.tlog
e:\projects\d3d12renderer\base\x64\debug\base.tlog\lib.command.1.tlog
e:\projects\d3d12renderer\base\x64\debug\base.tlog\link-cvtres.read.1.tlog
e:\projects\d3d12renderer\base\x64\debug\base.tlog\link-cvtres.write.1.tlog
e:\projects\d3d12renderer\base\x64\debug\base.tlog\link-rc.read.1.tlog
e:\projects\d3d12renderer\base\x64\debug\base.tlog\link-rc.write.1.tlog
e:\projects\d3d12renderer\base\x64\debug\base.tlog\link.command.1.tlog
e:\projects\d3d12renderer\base\x64\debug\base.tlog\link.read.1.tlog
e:\projects\d3d12renderer\base\x64\debug\base.tlog\link.read.2.tlog
e:\projects\d3d12renderer\base\x64\debug\base.tlog\link.write.1.tlog
